Copyright 1986-2022 Xilinx, Inc. All Rights Reserved. Copyright 2022-2024 Advanced Micro Devices, Inc. All Rights Reserved.
---------------------------------------------------------------------------------------------------------------------------------------------
| Tool Version : Vivado v.2024.1 (lin64) Build 5076996 Wed May 22 18:36:09 MDT 2024
| Date         : Fri May 16 15:46:54 2025
| Host         : eecs-digital-38 running 64-bit Ubuntu 24.04.1 LTS
| Command      : report_timing -file obj/post_synth_timing.rpt
| Design       : top_level
| Device       : 7s50-csga324
| Speed File   : -1  PRODUCTION 1.23 2018-06-13
| Design State : Synthesized
---------------------------------------------------------------------------------------------------------------------------------------------

Timing Report

Slack (MET) :             3.459ns  (required time - arrival time)
  Source:                 my_dp_formant/phi_func/to_acos_reg[23]/C
                            (rising edge-triggered cell FDRE clocked by clk_pixel_clk_wiz_0  {rise@0.000ns fall@6.734ns period=13.468ns})
  Destination:            my_dp_formant/phi_func/acos_calc/acos_out_reg[21]/D
                            (rising edge-triggered cell FDRE clocked by clk_pixel_clk_wiz_0  {rise@0.000ns fall@6.734ns period=13.468ns})
  Path Group:             clk_pixel_clk_wiz_0
  Path Type:              Setup (Max at Slow Process Corner)
  Requirement:            13.468ns  (clk_pixel_clk_wiz_0 rise@13.468ns - clk_pixel_clk_wiz_0 rise@0.000ns)
  Data Path Delay:        9.757ns  (logic 7.783ns (79.765%)  route 1.974ns (20.235%))
  Logic Levels:           10  (CARRY4=6 DSP48E1=2 LUT1=1 LUT2=1)
  Clock Path Skew:        -0.145ns (DCD - SCD + CPR)
    Destination Clock Delay (DCD):    -2.063ns = ( 11.405 - 13.468 ) 
    Source Clock Delay      (SCD):    -1.388ns
    Clock Pessimism Removal (CPR):    0.530ns
  Clock Uncertainty:      0.168ns  ((TSJ^2 + DJ^2)^1/2) / 2 + PE
    Total System Jitter     (TSJ):    0.071ns
    Discrete Jitter          (DJ):    0.329ns
    Phase Error              (PE):    0.000ns

    Location             Delay type                Incr(ns)  Path(ns)    Netlist Resource(s)
  -------------------------------------------------------------------    -------------------
                         (clock clk_pixel_clk_wiz_0 rise edge)
                                                      0.000     0.000 r  
    N15                                               0.000     0.000 r  clk_100mhz (IN)
                         net (fo=0)                   0.000     0.000    mhdmicw/clk_100mhz
    N15                  IBUF (Prop_ibuf_I_O)         1.440     1.440 r  mhdmicw/clkin1_ibufg/O
                         net (fo=1, unplaced)         0.584     2.024    mhdmicw/clk_ref_clk_wiz_0
                         MMCME2_ADV (Prop_mmcme2_adv_CLKIN1_CLKOUT0)
                                                     -5.108    -3.083 r  mhdmicw/mmcm_adv_inst/CLKOUT0
                         net (fo=1, unplaced)         0.800    -2.284    mhdmicw/clk_pixel_clk_wiz_0
                         BUFG (Prop_bufg_I_O)         0.096    -2.188 r  mhdmicw/clkout1_buf/O
                         net (fo=21652, unplaced)     0.800    -1.388    my_dp_formant/phi_func/clk_pixel
                         FDRE                                         r  my_dp_formant/phi_func/to_acos_reg[23]/C
  -------------------------------------------------------------------    -------------------
                         FDRE (Prop_fdre_C_Q)         0.456    -0.932 f  my_dp_formant/phi_func/to_acos_reg[23]/Q
                         net (fo=1, unplaced)         0.311    -0.621    my_dp_formant/phi_func/acos_calc/Q[22]
                         LUT1 (Prop_lut1_I0_O)        0.295    -0.326 r  my_dp_formant/phi_func/acos_calc/arbr_i_18/O
                         net (fo=1, unplaced)         0.800     0.474    my_dp_formant/phi_func/acos_calc/mult_min/A[22]
                         DSP48E1 (Prop_dsp48e1_A[22]_PCOUT[47])
                                                      4.036     4.510 r  my_dp_formant/phi_func/acos_calc/mult_min/arbr/PCOUT[47]
                         net (fo=1, unplaced)         0.055     4.565    my_dp_formant/phi_func/acos_calc/mult_min/arbr_n_106
                         DSP48E1 (Prop_dsp48e1_PCIN[47]_P[7])
                                                      1.518     6.083 r  my_dp_formant/phi_func/acos_calc/mult_min/arbr__0/P[7]
                         net (fo=2, unplaced)         0.800     6.882    my_dp_formant/phi_func/acos_calc/P[1]
                         LUT2 (Prop_lut2_I0_O)        0.124     7.006 r  my_dp_formant/phi_func/acos_calc/acos_out[11]_i_14/O
                         net (fo=1, unplaced)         0.000     7.006    my_dp_formant_n_2108
                         CARRY4 (Prop_carry4_S[1]_CO[3])
                                                      0.550     7.556 r  phi_func/acos_calc/acos_out_reg[11]_i_7/CO[3]
                         net (fo=1, unplaced)         0.009     7.565    phi_func/acos_calc/acos_out_reg[11]_i_7_n_0
                         CARRY4 (Prop_carry4_CI_CO[3])
                                                      0.114     7.679 r  phi_func/acos_calc/acos_out_reg[11]_i_2/CO[3]
                         net (fo=1, unplaced)         0.000     7.679    phi_func/acos_calc/acos_out_reg[11]_i_2_n_0
                         CARRY4 (Prop_carry4_CI_CO[3])
                                                      0.114     7.793 r  phi_func/acos_calc/acos_out_reg[11]_i_1/CO[3]
                         net (fo=1, unplaced)         0.000     7.793    phi_func/acos_calc/acos_out_reg[11]_i_1_n_0
                         CARRY4 (Prop_carry4_CI_CO[3])
                                                      0.114     7.907 r  phi_func/acos_calc/acos_out_reg[15]_i_1/CO[3]
                         net (fo=1, unplaced)         0.000     7.907    phi_func/acos_calc/acos_out_reg[15]_i_1_n_0
                         CARRY4 (Prop_carry4_CI_CO[3])
                                                      0.114     8.021 r  phi_func/acos_calc/acos_out_reg[19]_i_1/CO[3]
                         net (fo=1, unplaced)         0.000     8.021    my_dp_formant/phi_func/acos_calc/CO[0]
                         CARRY4 (Prop_carry4_CI_O[1])
                                                      0.348     8.369 r  my_dp_formant/phi_func/acos_calc/acos_out_reg[23]_i_1/O[1]
                         net (fo=1, unplaced)         0.000     8.369    my_dp_formant/phi_func/acos_calc/p_0_in[21]
                         FDRE                                         r  my_dp_formant/phi_func/acos_calc/acos_out_reg[21]/D
  -------------------------------------------------------------------    -------------------

                         (clock clk_pixel_clk_wiz_0 rise edge)
                                                     13.468    13.468 r  
    N15                                               0.000    13.468 r  clk_100mhz (IN)
                         net (fo=0)                   0.000    13.468    mhdmicw/clk_100mhz
    N15                  IBUF (Prop_ibuf_I_O)         1.370    14.838 r  mhdmicw/clkin1_ibufg/O
                         net (fo=1, unplaced)         0.439    15.277    mhdmicw/clk_ref_clk_wiz_0
                         MMCME2_ADV (Prop_mmcme2_adv_CLKIN1_CLKOUT0)
                                                     -5.378     9.899 r  mhdmicw/mmcm_adv_inst/CLKOUT0
                         net (fo=1, unplaced)         0.760    10.659    mhdmicw/clk_pixel_clk_wiz_0
                         BUFG (Prop_bufg_I_O)         0.091    10.750 r  mhdmicw/clkout1_buf/O
                         net (fo=21652, unplaced)     0.655    11.405    my_dp_formant/phi_func/acos_calc/clk_pixel
                         FDRE                                         r  my_dp_formant/phi_func/acos_calc/acos_out_reg[21]/C
                         clock pessimism              0.530    11.935    
                         clock uncertainty           -0.168    11.767    
                         FDRE (Setup_fdre_C_D)        0.062    11.829    my_dp_formant/phi_func/acos_calc/acos_out_reg[21]
  -------------------------------------------------------------------
                         required time                         11.829    
                         arrival time                          -8.369    
  -------------------------------------------------------------------
                         slack                                  3.459    




