Copyright 1986-2022 Xilinx, Inc. All Rights Reserved. Copyright 2022-2024 Advanced Micro Devices, Inc. All Rights Reserved.
-------------------------------------------------------------------------------------------------------------------------------------------------
| Tool Version     : Vivado v.2024.1 (lin64) Build 5076996 Wed May 22 18:36:09 MDT 2024
| Date             : Fri May 16 15:50:34 2025
| Host             : eecs-digital-38 running 64-bit Ubuntu 24.04.1 LTS
| Command          : report_power -file obj/post_route_power.rpt
| Design           : top_level
| Device           : xc7s50csga324-1
| Design State     : routed
| Grade            : commercial
| Process          : typical
| Characterization : Production
-------------------------------------------------------------------------------------------------------------------------------------------------

Power Report

Table of Contents
-----------------
1. Summary
1.1 On-Chip Components
1.2 Power Supply Summary
1.3 Confidence Level
2. Settings
2.1 Environment
2.2 Clock Constraints
3. Detailed Reports
3.1 By Hierarchy

1. Summary
----------

+--------------------------+--------------+
| Total On-Chip Power (W)  | 0.781        |
| Design Power Budget (W)  | Unspecified* |
| Power Budget Margin (W)  | NA           |
| Dynamic (W)              | 0.707        |
| Device Static (W)        | 0.074        |
| Effective TJA (C/W)      | 4.9          |
| Max Ambient (C)          | 81.1         |
| Junction Temperature (C) | 28.9         |
| Confidence Level         | Low          |
| Setting File             | ---          |
| Simulation Activity File | ---          |
| Design Nets Matched      | NA           |
+--------------------------+--------------+
* Specify Design Power Budget using, set_operating_conditions -design_power_budget <value in Watts>


1.1 On-Chip Components
----------------------

+--------------------------+-----------+----------+-----------+-----------------+
| On-Chip                  | Power (W) | Used     | Available | Utilization (%) |
+--------------------------+-----------+----------+-----------+-----------------+
| Clocks                   |     0.070 |        6 |       --- |             --- |
| Slice Logic              |     0.159 |    60281 |       --- |             --- |
|   LUT as Logic           |     0.127 |    26865 |     32600 |           82.41 |
|   CARRY4                 |     0.014 |     3832 |      8150 |           47.02 |
|   Register               |     0.009 |    17811 |     65200 |           27.32 |
|   LUT as Shift Register  |     0.007 |     1856 |      9600 |           19.33 |
|   LUT as Distributed RAM |     0.002 |     1776 |      9600 |           18.50 |
|   F7/F8 Muxes            |    <0.001 |      670 |     32600 |            2.06 |
|   Others                 |     0.000 |      214 |       --- |             --- |
| Signals                  |     0.185 |    37400 |       --- |             --- |
| Block RAM                |     0.008 |       12 |        75 |           16.00 |
| MMCM                     |     0.105 |        1 |         5 |           20.00 |
| DSPs                     |     0.032 |       71 |       120 |           59.17 |
| I/O                      |     0.148 |       48 |       210 |           22.86 |
| Static Power             |     0.074 |          |           |                 |
| Total                    |     0.781 |          |           |                 |
+--------------------------+-----------+----------+-----------+-----------------+


1.2 Power Supply Summary
------------------------

+-----------+-------------+-----------+-------------+------------+-------------+-------------+------------+
| Source    | Voltage (V) | Total (A) | Dynamic (A) | Static (A) | Powerup (A) | Budget (A)  | Margin (A) |
+-----------+-------------+-----------+-------------+------------+-------------+-------------+------------+
| Vccint    |       1.000 |     0.468 |       0.456 |      0.011 |       NA    | Unspecified | NA         |
| Vccaux    |       1.800 |     0.072 |       0.059 |      0.013 |       NA    | Unspecified | NA         |
| Vcco33    |       3.300 |     0.044 |       0.043 |      0.001 |       NA    | Unspecified | NA         |
| Vcco25    |       2.500 |     0.000 |       0.000 |      0.000 |       NA    | Unspecified | NA         |
| Vcco18    |       1.800 |     0.000 |       0.000 |      0.000 |       NA    | Unspecified | NA         |
| Vcco15    |       1.500 |     0.000 |       0.000 |      0.000 |       NA    | Unspecified | NA         |
| Vcco135   |       1.350 |     0.000 |       0.000 |      0.000 |       NA    | Unspecified | NA         |
| Vcco12    |       1.200 |     0.000 |       0.000 |      0.000 |       NA    | Unspecified | NA         |
| Vccaux_io |       1.800 |     0.000 |       0.000 |      0.000 |       NA    | Unspecified | NA         |
| Vccbram   |       1.000 |     0.001 |       0.001 |      0.000 |       NA    | Unspecified | NA         |
| Vccadc    |       1.800 |     0.020 |       0.000 |      0.020 |       NA    | Unspecified | NA         |
+-----------+-------------+-----------+-------------+------------+-------------+-------------+------------+


1.3 Confidence Level
--------------------

+-----------------------------+------------+--------------------------------------------------------+------------------------------------------------------------------------------------------------------------+
| User Input Data             | Confidence | Details                                                | Action                                                                                                     |
+-----------------------------+------------+--------------------------------------------------------+------------------------------------------------------------------------------------------------------------+
| Design implementation state | High       | Design is routed                                       |                                                                                                            |
| Clock nodes activity        | High       | User specified more than 95% of clocks                 |                                                                                                            |
| I/O nodes activity          | Low        | More than 75% of inputs are missing user specification | Provide missing input activity with simulation results or by editing the "By Resource Type -> I/Os" view   |
| Internal nodes activity     | Medium     | User specified less than 25% of internal nodes         | Provide missing internal nodes activity with simulation results or by editing the "By Resource Type" views |
| Device models               | High       | Device models are Production                           |                                                                                                            |
|                             |            |                                                        |                                                                                                            |
| Overall confidence level    | Low        |                                                        |                                                                                                            |
+-----------------------------+------------+--------------------------------------------------------+------------------------------------------------------------------------------------------------------------+


2. Settings
-----------

2.1 Environment
---------------

+-----------------------+--------------------------+
| Ambient Temp (C)      | 25.0                     |
| ThetaJA (C/W)         | 4.9                      |
| Airflow (LFM)         | 250                      |
| Heat Sink             | medium (Medium Profile)  |
| ThetaSA (C/W)         | 4.6                      |
| Board Selection       | medium (10"x10")         |
| # of Board Layers     | 12to15 (12 to 15 Layers) |
| Board Temperature (C) | 25.0                     |
+-----------------------+--------------------------+


2.2 Clock Constraints
---------------------

+---------------------+-----------------------------+-----------------+
| Clock               | Domain                      | Constraint (ns) |
+---------------------+-----------------------------+-----------------+
| clk_pixel_clk_wiz_0 | mhdmicw/clk_pixel_clk_wiz_0 |            13.5 |
| clk_tmds_clk_wiz_0  | mhdmicw/clk_tmds_clk_wiz_0  |             2.7 |
| clkfbout_clk_wiz_0  | mhdmicw/clkfbout_clk_wiz_0  |            50.0 |
| gclk                | clk_100mhz                  |            10.0 |
+---------------------+-----------------------------+-----------------+


3. Detailed Reports
-------------------

3.1 By Hierarchy
----------------

+-----------------------------+-----------+
| Name                        | Power (W) |
+-----------------------------+-----------+
| top_level                   |     0.707 |
|   fbram                     |     0.009 |
|   fft_bram                  |     0.002 |
|   mhdmicw                   |     0.105 |
|   mvg                       |     0.002 |
|   my_dp_formant             |     0.328 |
|     Emin_bram               |     0.001 |
|     emin_func               |     0.276 |
|       divider_a             |     0.144 |
|       divider_b             |     0.110 |
|       genblk1[0].multiplier |     0.002 |
|       genblk1[1].multiplier |     0.002 |
|       genblk1[2].multiplier |     0.002 |
|       genblk1[3].multiplier |     0.003 |
|       genblk1[4].multiplier |     0.002 |
|       genblk1[5].multiplier |     0.002 |
|       genblk1[6].multiplier |     0.003 |
|     f_func                  |     0.003 |
|     genblk1[0].T_bram       |     0.001 |
|     genblk1[1].T_bram       |     0.001 |
|     genblk1[2].T_bram       |     0.001 |
|     genblk2[2].B_bram       |     0.001 |
|     phi_func                |     0.018 |
|       acos_calc             |     0.004 |
|       phi_multiplier        |     0.004 |
|       thanks_joe            |     0.004 |
|     t_func                  |     0.012 |
|       cos_mult_0            |     0.002 |
|       cos_mult_1            |     0.002 |
|       cos_mult_2            |     0.002 |
|       for_multiply          |     0.003 |
|   my_windowed_fft           |     0.088 |
|     FFT_512                 |     0.075 |
|       SU1                   |     0.019 |
|       SU2                   |     0.014 |
|       SU3                   |     0.014 |
|       SU4                   |     0.022 |
|       SU5                   |     0.005 |
|     im_square               |     0.002 |
|     re_square               |     0.002 |
|     window_multiply         |     0.005 |
+-----------------------------+-----------+


