#! /usr/bin/vvp
:ivl_version "11.0 (stable)";
:ivl_delay_selection "TYPICAL";
:vpi_time_precision - 12;
:vpi_module "/usr/lib/x86_64-linux-gnu/ivl/system.vpi";
:vpi_module "/usr/lib/x86_64-linux-gnu/ivl/vhdl_sys.vpi";
:vpi_module "/usr/lib/x86_64-linux-gnu/ivl/vhdl_textio.vpi";
:vpi_module "/usr/lib/x86_64-linux-gnu/ivl/v2005_math.vpi";
:vpi_module "/usr/lib/x86_64-linux-gnu/ivl/va_math.vpi";
:vpi_module "/usr/lib/x86_64-linux-gnu/ivl/v2009.vpi";
S_0x564422c066e0 .scope package, "$unit" "$unit" 2 1;
 .timescale 0 0;
S_0x564422c06870 .scope module, "top_level" "top_level" 3 6;
 .timescale -9 -12;
    .port_info 0 /INPUT 1 "clk_100mhz";
    .port_info 1 /INPUT 16 "sw";
    .port_info 2 /INPUT 4 "btn";
    .port_info 3 /OUTPUT 16 "led";
    .port_info 4 /OUTPUT 3 "rgb0";
    .port_info 5 /OUTPUT 3 "rgb1";
    .port_info 6 /OUTPUT 1 "spkl";
    .port_info 7 /OUTPUT 1 "spkr";
    .port_info 8 /INPUT 1 "cipo";
    .port_info 9 /OUTPUT 1 "copi";
    .port_info 10 /OUTPUT 1 "dclk";
    .port_info 11 /OUTPUT 1 "cs";
    .port_info 12 /INPUT 1 "uart_rxd";
    .port_info 13 /OUTPUT 1 "uart_txd";
P_0x564422c06a00 .param/l "ADC_DATA_CLK_PERIOD" 0 3 52, +C4<00000000000000000000000000110010>;
P_0x564422c06a40 .param/l "ADC_DATA_WIDTH" 0 3 51, +C4<00000000000000000000000000010001>;
P_0x564422c06a80 .param/l "CYCLES_PER_SAMPLE" 0 3 366, +C4<00000000000000000000100010011000>;
P_0x564422c06ac0 .param/l "CYCLES_PER_TRIGGER" 1 3 32, +C4<00000000000000000001100001101010>;
P_0x564422c06b00 .param/l "FORMANTS" 0 3 311, +C4<00000000000000000000000000000101>;
P_0x564422c06b40 .param/l "FREQ_INPUTS" 0 3 312, +C4<00000000000000000000000010100000>;
P_0x564422c06b80 .param/l "SAMPLE_BITS" 0 3 79, +C4<00000000000000000000000000100000>;
P_0x564422c06bc0 .param/l "UART_SAMPLES" 0 3 365, +C4<00000000000000000000000110101110>;
P_0x564422c06c00 .param/l "WINDOW_OVERLAP" 0 3 110, +C4<00000000000000000000000010100000>;
P_0x564422c06c40 .param/l "WINDOW_SIZE" 0 3 109, +C4<00000000000000000000000110010000>;
L_0x564422bf8e50 .functor BUFZ 8, v0x564422c26b20_0, C4<00000000>, C4<00000000>, C4<00000000>;
v0x564422c04fa0_0 .net *"_ivl_14", 21 0, L_0x564422c38960;  1 drivers
v0x564422c24770_0 .net/s *"_ivl_16", 33 0, L_0x564422c38bb0;  1 drivers
v0x564422c24850_0 .net/s *"_ivl_18", 33 0, L_0x564422c38c80;  1 drivers
v0x564422c24910_0 .net/s *"_ivl_20", 33 0, L_0x564422c38de0;  1 drivers
v0x564422c249f0_0 .net/s *"_ivl_22", 33 0, L_0x564422c38f20;  1 drivers
v0x564422c24b20_0 .net/s *"_ivl_24", 33 0, L_0x564422c39010;  1 drivers
v0x564422c24c00_0 .net/s *"_ivl_26", 33 0, L_0x564422c39150;  1 drivers
L_0x7f13fa36e0a8 .functor BUFT 1, C4<00000000000000000001100001101001>, C4<0>, C4<0>, C4<0>;
v0x564422c24ce0_0 .net/2u *"_ivl_6", 31 0, L_0x7f13fa36e0a8;  1 drivers
v0x564422c24dc0_0 .var/s "audio_of", 31 0;
v0x564422c24ea0_0 .var/s "audio_of_buffer", 31 0;
v0x564422c24f80_0 .net/s "audio_of_partial", 33 0, L_0x564422c392a0;  1 drivers
v0x564422c25060 .array/s "audio_pc_buffer", 400 0, 31 0;
v0x564422c25120_0 .var/s "audio_sample", 31 0;
v0x564422c25200_0 .var "audio_sample_waiting", 0 0;
o0x7f13fa3b73a8 .functor BUFZ 4, C4<zzzz>; HiZ drive
v0x564422c252c0_0 .net "btn", 3 0, o0x7f13fa3b73a8;  0 drivers
o0x7f13fa3b73d8 .functor BUFZ 1, C4<z>; HiZ drive
v0x564422c253a0_0 .net "cipo", 0 0, o0x7f13fa3b73d8;  0 drivers
o0x7f13fa3b7408 .functor BUFZ 1, C4<z>; HiZ drive
v0x564422c25460_0 .net "clk_100mhz", 0 0, o0x7f13fa3b7408;  0 drivers
v0x564422c25630_0 .var "clock_cycles_per_sample", 12 0;
v0x564422c25710_0 .var "copi", 0 0;
v0x564422c257d0_0 .net/s "correction", 31 0, L_0x564422c38a60;  1 drivers
v0x564422c258b0_0 .var "cs", 0 0;
v0x564422c25970_0 .var "dclk", 0 0;
v0x564422c25a30_0 .var "f_input_data", 31 0;
v0x564422c25b10_0 .var "f_input_data_valid", 0 0;
v0x564422c25bd0_0 .var "f_output_data", 31 0;
v0x564422c25cb0_0 .var "f_output_data_log", 7 0;
v0x564422c25d90_0 .net "f_read_address", 7 0, L_0x564422bf8e50;  1 drivers
v0x564422c25e70_0 .var "f_write_address", 7 0;
v0x564422c25f50 .array "fft_bram_all_ready", 2 0, 0 0;
v0x564422c25ff0_0 .var "fft_packet_counter", 8 0;
v0x564422c260d0_0 .var "fft_start", 8 0;
v0x564422c261b0_0 .var "formant_in_data", 31 0;
v0x564422c26290_0 .var "formant_in_valid", 0 0;
v0x564422c26560_0 .var "formant_valid_counter", 7 0;
v0x564422c26640 .array "freq_buffer", 4 0, 31 0;
v0x564422c26700_0 .var "led", 15 0;
v0x564422c267e0_0 .var "new_uart_data", 7 0;
v0x564422c268c0_0 .var "new_uart_data_available", 0 0;
v0x564422c26980_0 .var/s "prev_audio_sample", 31 0;
v0x564422c26a60 .array "reordered_flipflops", 256 0, 7 0;
v0x564422c26b20_0 .var "reordering_counter", 7 0;
v0x564422c26c00 .array "reordering_counter_buffer", 2 0, 7 0;
v0x564422c26cc0 .array "reordering_valid_buffer", 1 0, 0 0;
L_0x7f13fa36e060 .functor BUFT 1, C4<000>, C4<0>, C4<0>, C4<0>;
v0x564422c26d60_0 .net "rgb0", 2 0, L_0x7f13fa36e060;  1 drivers
L_0x7f13fa36e018 .functor BUFT 1, C4<000>, C4<0>, C4<0>, C4<0>;
v0x564422c26e40_0 .net "rgb1", 2 0, L_0x7f13fa36e018;  1 drivers
v0x564422c26f20_0 .var "spi_read_data", 16 0;
v0x564422c27000_0 .var "spi_read_data_valid", 0 0;
v0x564422c270c0_0 .net "spi_trigger", 0 0, L_0x564422c38860;  1 drivers
L_0x7f13fa36e0f0 .functor BUFT 1, C4<11111000000000000>, C4<0>, C4<0>, C4<0>;
v0x564422c27180_0 .net "spi_write_data", 16 0, L_0x7f13fa36e0f0;  1 drivers
v0x564422c27260_0 .var "spkl", 0 0;
v0x564422c27320_0 .var "spkr", 0 0;
v0x564422c273e0_0 .var "start_reinsertion", 0 0;
o0x7f13fa3b79d8 .functor BUFZ 16, C4<zzzzzzzzzzzzzzzz>; HiZ drive
v0x564422c274a0_0 .net "sw", 15 0, o0x7f13fa3b79d8;  0 drivers
v0x564422c27580_0 .net "sys_rst", 0 0, L_0x564422c286f0;  1 drivers
v0x564422c27640_0 .var "trigger_count", 31 0;
v0x564422c27720 .array "uart_420_packets", 430 0, 7 0;
v0x564422c277e0_0 .var "uart_busy", 0 0;
v0x564422c278a0_0 .var "uart_counter", 9 0;
v0x564422c27980_0 .var "uart_data_in", 7 0;
v0x564422c27a60_0 .var "uart_data_valid", 0 0;
o0x7f13fa3b7b28 .functor BUFZ 1, C4<z>; HiZ drive
v0x564422c27b20_0 .net "uart_rxd", 0 0, o0x7f13fa3b7b28;  0 drivers
v0x564422c27be0_0 .var "uart_txd", 0 0;
v0x564422c27ca0_0 .var "wfft_counter", 8 0;
v0x564422c27d80_0 .var "wfft_input_valid", 0 0;
v0x564422c27e40_0 .var "wfft_result", 31 0;
v0x564422c28330_0 .var "wfft_valid", 0 0;
v0x564422c283f0_0 .var "wfft_valid_prev", 0 0;
E_0x564422bd7760 .event posedge, v0x564422c25460_0;
L_0x564422c286f0 .part o0x7f13fa3b73a8, 0, 1;
L_0x564422c38860 .cmp/eq 32, v0x564422c27640_0, L_0x7f13fa36e0a8;
L_0x564422c38960 .part v0x564422c24dc0_0, 10, 22;
L_0x564422c38a60 .extend/s 32, L_0x564422c38960;
L_0x564422c38bb0 .extend/s 34, v0x564422c25120_0;
L_0x564422c38c80 .extend/s 34, v0x564422c24dc0_0;
L_0x564422c38de0 .arith/sum 34, L_0x564422c38bb0, L_0x564422c38c80;
L_0x564422c38f20 .extend/s 34, v0x564422c26980_0;
L_0x564422c39010 .arith/sub 34, L_0x564422c38de0, L_0x564422c38f20;
L_0x564422c39150 .extend/s 34, L_0x564422c38a60;
L_0x564422c392a0 .arith/sub 34, L_0x564422c39010, L_0x564422c39150;
S_0x564422c06c90 .scope begin, "$ivl_for_loop0" "$ivl_for_loop0" 3 135, 3 135 0, S_0x564422c06870;
 .timescale -9 -12;
v0x564422bf8ff0_0 .var/2s "i", 31 0;
S_0x564422c23ba0 .scope begin, "$ivl_for_loop1" "$ivl_for_loop1" 3 154, 3 154 0, S_0x564422c06870;
 .timescale -9 -12;
v0x564422bfa6a0_0 .var/2s "i", 31 0;
S_0x564422c23de0 .scope begin, "$ivl_for_loop2" "$ivl_for_loop2" 3 386, 3 386 0, S_0x564422c06870;
 .timescale -9 -12;
v0x564422bfb010_0 .var/2s "i", 31 0;
S_0x564422c24000 .scope begin, "$ivl_for_loop3" "$ivl_for_loop3" 3 396, 3 396 0, S_0x564422c06870;
 .timescale -9 -12;
v0x564422bfc600_0 .var/2s "i", 31 0;
S_0x564422c24240 .scope begin, "$ivl_for_loop4" "$ivl_for_loop4" 3 400, 3 400 0, S_0x564422c06870;
 .timescale -9 -12;
v0x564422bfd7a0_0 .var/2s "i", 31 0;
S_0x564422c244d0 .scope begin, "$ivl_for_loop5" "$ivl_for_loop5" 3 403, 3 403 0, S_0x564422c06870;
 .timescale -9 -12;
v0x564422bffbb0_0 .var/2s "i", 31 0;
    .scope S_0x564422c06870;
T_0 ;
    %pushi/vec4 0, 0, 9;
    %store/vec4 v0x564422c25ff0_0, 0, 9;
    %pushi/vec4 0, 0, 9;
    %store/vec4 v0x564422c260d0_0, 0, 9;
    %pushi/vec4 0, 0, 1;
    %store/vec4 v0x564422c273e0_0, 0, 1;
    %pushi/vec4 430, 0, 10;
    %store/vec4 v0x564422c278a0_0, 0, 10;
    %pushi/vec4 0, 0, 13;
    %store/vec4 v0x564422c25630_0, 0, 13;
    %pushi/vec4 0, 0, 1;
    %store/vec4 v0x564422c268c0_0, 0, 1;
    %end;
    .thread T_0, $init;
    .scope S_0x564422c06870;
T_1 ;
    %wait E_0x564422bd7760;
    %load/vec4 v0x564422c27000_0;
    %flag_set/vec4 8;
    %jmp/0xz  T_1.0, 8;
    %load/vec4 v0x564422c26f20_0;
    %parti/s 10, 0, 2;
    %concati/vec4 0, 0, 22;
    %assign/vec4 v0x564422c25120_0, 0;
    %load/vec4 v0x564422c25120_0;
    %assign/vec4 v0x564422c26980_0, 0;
    %load/vec4 v0x564422c24f80_0;
    %parti/s 32, 0, 2;
    %assign/vec4 v0x564422c24dc0_0, 0;
    %load/vec4 v0x564422c24dc0_0;
    %assign/vec4 v0x564422c24ea0_0, 0;
    %load/vec4 v0x564422c24ea0_0;
    %load/vec4 v0x564422c24dc0_0;
    %sub;
    %load/vec4 v0x564422c24dc0_0;
    %parti/s 27, 5, 4;
    %pad/s 32;
    %add;
    %ix/load 3, 0, 0;
    %flag_set/imm 4, 0;
    %ix/load 4, 0, 0; Constant delay
    %assign/vec4/a/d v0x564422c25060, 0, 4;
    %fork t_1, S_0x564422c06c90;
    %jmp t_0;
    .scope S_0x564422c06c90;
t_1 ;
    %pushi/vec4 1, 0, 32;
    %store/vec4 v0x564422bf8ff0_0, 0, 32;
T_1.2 ;
    %load/vec4 v0x564422bf8ff0_0;
    %cmpi/s 400, 0, 32;
    %jmp/0xz T_1.3, 5;
    %load/vec4 v0x564422bf8ff0_0;
    %pad/s 33;
    %subi 1, 0, 33;
    %ix/vec4/s 4;
    %load/vec4a v0x564422c25060, 4;
    %ix/getv/s 3, v0x564422bf8ff0_0;
    %ix/load 4, 0, 0; Constant delay
    %assign/vec4/a/d v0x564422c25060, 0, 4;
    %load/vec4 v0x564422bf8ff0_0;
    %addi 1, 0, 32;
    %cast2;
    %store/vec4 v0x564422bf8ff0_0, 0, 32;
    %jmp T_1.2;
T_1.3 ;
    %end;
    .scope S_0x564422c06870;
t_0 %join;
    %load/vec4 v0x564422c25ff0_0;
    %pad/u 32;
    %cmpi/e 159, 0, 32;
    %jmp/0xz  T_1.4, 4;
    %pushi/vec4 0, 0, 9;
    %assign/vec4 v0x564422c25ff0_0, 0;
    %pushi/vec4 400, 0, 9;
    %assign/vec4 v0x564422c260d0_0, 0;
    %jmp T_1.5;
T_1.4 ;
    %load/vec4 v0x564422c25ff0_0;
    %addi 1, 0, 9;
    %assign/vec4 v0x564422c25ff0_0, 0;
T_1.5 ;
    %jmp T_1.1;
T_1.0 ;
    %load/vec4 v0x564422c260d0_0;
    %pad/u 32;
    %cmpi/ne 0, 0, 32;
    %jmp/0xz  T_1.6, 4;
    %pushi/vec4 1, 0, 1;
    %assign/vec4 v0x564422c27d80_0, 0;
    %load/vec4 v0x564422c260d0_0;
    %subi 1, 0, 9;
    %assign/vec4 v0x564422c260d0_0, 0;
    %fork t_3, S_0x564422c23ba0;
    %jmp t_2;
    .scope S_0x564422c23ba0;
t_3 ;
    %pushi/vec4 1, 0, 32;
    %store/vec4 v0x564422bfa6a0_0, 0, 32;
T_1.8 ;
    %load/vec4 v0x564422bfa6a0_0;
    %cmpi/s 400, 0, 32;
    %jmp/0xz T_1.9, 5;
    %load/vec4 v0x564422bfa6a0_0;
    %pad/s 33;
    %subi 1, 0, 33;
    %ix/vec4/s 4;
    %load/vec4a v0x564422c25060, 4;
    %ix/getv/s 3, v0x564422bfa6a0_0;
    %ix/load 4, 0, 0; Constant delay
    %assign/vec4/a/d v0x564422c25060, 0, 4;
    %load/vec4 v0x564422bfa6a0_0;
    %addi 1, 0, 32;
    %cast2;
    %store/vec4 v0x564422bfa6a0_0, 0, 32;
    %jmp T_1.8;
T_1.9 ;
    %end;
    .scope S_0x564422c06870;
t_2 %join;
    %load/vec4 v0x564422c273e0_0;
    %pad/u 32;
    %cmpi/e 1, 0, 32;
    %jmp/0xz  T_1.10, 4;
    %ix/load 4, 399, 0;
    %flag_set/imm 4, 0;
    %load/vec4a v0x564422c25060, 4;
    %ix/load 3, 0, 0;
    %flag_set/imm 4, 0;
    %ix/load 4, 0, 0; Constant delay
    %assign/vec4/a/d v0x564422c25060, 0, 4;
    %jmp T_1.11;
T_1.10 ;
    %load/vec4 v0x564422c260d0_0;
    %pad/u 32;
    %cmpi/e 240, 0, 32;
    %jmp/0xz  T_1.12, 4;
    %pushi/vec4 1, 0, 1;
    %assign/vec4 v0x564422c273e0_0, 0;
    %ix/load 4, 399, 0;
    %flag_set/imm 4, 0;
    %load/vec4a v0x564422c25060, 4;
    %ix/load 3, 0, 0;
    %flag_set/imm 4, 0;
    %ix/load 4, 0, 0; Constant delay
    %assign/vec4/a/d v0x564422c25060, 0, 4;
T_1.12 ;
T_1.11 ;
    %jmp T_1.7;
T_1.6 ;
    %pushi/vec4 0, 0, 1;
    %assign/vec4 v0x564422c27d80_0, 0;
    %pushi/vec4 0, 0, 1;
    %assign/vec4 v0x564422c273e0_0, 0;
T_1.7 ;
T_1.1 ;
    %jmp T_1;
    .thread T_1;
    .scope S_0x564422c06870;
T_2 ;
    %wait E_0x564422bd7760;
    %load/vec4 v0x564422c28330_0;
    %assign/vec4 v0x564422c283f0_0, 0;
    %load/vec4 v0x564422c28330_0;
    %load/vec4 v0x564422c283f0_0;
    %nor/r;
    %and;
    %flag_set/vec4 8;
    %jmp/0xz  T_2.0, 8;
    %pushi/vec4 1, 0, 9;
    %assign/vec4 v0x564422c27ca0_0, 0;
    %jmp T_2.1;
T_2.0 ;
    %load/vec4 v0x564422c27ca0_0;
    %pad/u 32;
    %cmpi/ne 0, 0, 32;
    %jmp/0xz  T_2.2, 4;
    %load/vec4 v0x564422c27ca0_0;
    %addi 1, 0, 9;
    %assign/vec4 v0x564422c27ca0_0, 0;
T_2.2 ;
T_2.1 ;
    %load/vec4 v0x564422c28330_0;
    %nor/r;
    %load/vec4 v0x564422c283f0_0;
    %and;
    %ix/load 3, 2, 0;
    %flag_set/imm 4, 0;
    %ix/load 4, 0, 0; Constant delay
    %assign/vec4/a/d v0x564422c25f50, 0, 4;
    %ix/load 4, 2, 0;
    %flag_set/imm 4, 0;
    %load/vec4a v0x564422c25f50, 4;
    %ix/load 3, 1, 0;
    %flag_set/imm 4, 0;
    %ix/load 4, 0, 0; Constant delay
    %assign/vec4/a/d v0x564422c25f50, 0, 4;
    %ix/load 4, 1, 0;
    %flag_set/imm 4, 0;
    %load/vec4a v0x564422c25f50, 4;
    %ix/load 3, 0, 0;
    %flag_set/imm 4, 0;
    %ix/load 4, 0, 0; Constant delay
    %assign/vec4/a/d v0x564422c25f50, 0, 4;
    %jmp T_2;
    .thread T_2;
    .scope S_0x564422c06870;
T_3 ;
    %wait E_0x564422bd7760;
    %load/vec4 v0x564422c28330_0;
    %load/vec4 v0x564422c27ca0_0;
    %parti/s 1, 0, 2;
    %pushi/vec4 0, 0, 1;
    %cmp/e;
    %flag_get/vec4 4;
    %and;
    %assign/vec4 v0x564422c25b10_0, 0;
    %load/vec4 v0x564422c27e40_0;
    %assign/vec4 v0x564422c25a30_0, 0;
    %load/vec4 v0x564422c27ca0_0;
    %parti/s 1, 1, 2;
    %load/vec4 v0x564422c27ca0_0;
    %parti/s 1, 2, 3;
    %concat/vec4; draw_concat_vec4
    %load/vec4 v0x564422c27ca0_0;
    %parti/s 1, 3, 3;
    %concat/vec4; draw_concat_vec4
    %load/vec4 v0x564422c27ca0_0;
    %parti/s 1, 4, 4;
    %concat/vec4; draw_concat_vec4
    %load/vec4 v0x564422c27ca0_0;
    %parti/s 1, 5, 4;
    %concat/vec4; draw_concat_vec4
    %load/vec4 v0x564422c27ca0_0;
    %parti/s 1, 6, 4;
    %concat/vec4; draw_concat_vec4
    %load/vec4 v0x564422c27ca0_0;
    %parti/s 1, 7, 4;
    %concat/vec4; draw_concat_vec4
    %load/vec4 v0x564422c27ca0_0;
    %parti/s 1, 8, 5;
    %concat/vec4; draw_concat_vec4
    %assign/vec4 v0x564422c25e70_0, 0;
    %jmp T_3;
    .thread T_3;
    .scope S_0x564422c06870;
T_4 ;
    %wait E_0x564422bd7760;
    %ix/load 4, 0, 0;
    %flag_set/imm 4, 0;
    %load/vec4a v0x564422c25f50, 4;
    %cmpi/e 1, 0, 1;
    %jmp/0xz  T_4.0, 4;
    %pushi/vec4 1, 0, 8;
    %assign/vec4 v0x564422c26b20_0, 0;
    %jmp T_4.1;
T_4.0 ;
    %load/vec4 v0x564422c26b20_0;
    %cmpi/ne 0, 0, 8;
    %jmp/0xz  T_4.2, 4;
    %load/vec4 v0x564422c26b20_0;
    %addi 1, 0, 8;
    %assign/vec4 v0x564422c26b20_0, 0;
T_4.2 ;
T_4.1 ;
    %jmp T_4;
    .thread T_4;
    .scope S_0x564422c06870;
T_5 ;
    %wait E_0x564422bd7760;
    %ix/load 4, 0, 0;
    %flag_set/imm 4, 0;
    %load/vec4a v0x564422c25f50, 4;
    %ix/load 3, 1, 0;
    %flag_set/imm 4, 0;
    %ix/load 4, 0, 0; Constant delay
    %assign/vec4/a/d v0x564422c26cc0, 0, 4;
    %ix/load 4, 1, 0;
    %flag_set/imm 4, 0;
    %load/vec4a v0x564422c26cc0, 4;
    %ix/load 3, 0, 0;
    %flag_set/imm 4, 0;
    %ix/load 4, 0, 0; Constant delay
    %assign/vec4/a/d v0x564422c26cc0, 0, 4;
    %load/vec4 v0x564422c26b20_0;
    %ix/load 3, 2, 0;
    %flag_set/imm 4, 0;
    %ix/load 4, 0, 0; Constant delay
    %assign/vec4/a/d v0x564422c26c00, 0, 4;
    %ix/load 4, 2, 0;
    %flag_set/imm 4, 0;
    %load/vec4a v0x564422c26c00, 4;
    %ix/load 3, 1, 0;
    %flag_set/imm 4, 0;
    %ix/load 4, 0, 0; Constant delay
    %assign/vec4/a/d v0x564422c26c00, 0, 4;
    %ix/load 4, 1, 0;
    %flag_set/imm 4, 0;
    %load/vec4a v0x564422c26c00, 4;
    %ix/load 3, 0, 0;
    %flag_set/imm 4, 0;
    %ix/load 4, 0, 0; Constant delay
    %assign/vec4/a/d v0x564422c26c00, 0, 4;
    %load/vec4 v0x564422c25cb0_0;
    %ix/load 4, 0, 0;
    %flag_set/imm 4, 0;
    %load/vec4a v0x564422c26c00, 4;
    %pad/u 10;
    %ix/vec4 3;
    %ix/load 4, 0, 0; Constant delay
    %assign/vec4/a/d v0x564422c26a60, 0, 4;
    %jmp T_5;
    .thread T_5;
    .scope S_0x564422c06870;
T_6 ;
    %wait E_0x564422bd7760;
    %load/vec4 v0x564422c25bd0_0;
    %assign/vec4 v0x564422c261b0_0, 0;
    %ix/load 4, 0, 0;
    %flag_set/imm 4, 0;
    %load/vec4a v0x564422c26cc0, 4;
    %flag_set/vec4 8;
    %jmp/0xz  T_6.0, 8;
    %pushi/vec4 1, 0, 8;
    %assign/vec4 v0x564422c26560_0, 0;
    %pushi/vec4 1, 0, 1;
    %assign/vec4 v0x564422c26290_0, 0;
    %jmp T_6.1;
T_6.0 ;
    %load/vec4 v0x564422c26560_0;
    %pad/u 32;
    %cmpi/e 159, 0, 32;
    %jmp/0xz  T_6.2, 4;
    %pushi/vec4 0, 0, 8;
    %assign/vec4 v0x564422c26560_0, 0;
    %pushi/vec4 0, 0, 1;
    %assign/vec4 v0x564422c26290_0, 0;
    %jmp T_6.3;
T_6.2 ;
    %load/vec4 v0x564422c26560_0;
    %pad/u 32;
    %cmpi/ne 0, 0, 32;
    %jmp/0xz  T_6.4, 4;
    %load/vec4 v0x564422c26560_0;
    %addi 1, 0, 8;
    %assign/vec4 v0x564422c26560_0, 0;
T_6.4 ;
T_6.3 ;
T_6.1 ;
    %jmp T_6;
    .thread T_6;
    .scope S_0x564422c06870;
T_7 ;
    %wait E_0x564422bd7760;
    %load/vec4 v0x564422c278a0_0;
    %pad/u 32;
    %cmpi/u 430, 0, 32;
    %jmp/0xz  T_7.0, 5;
    %load/vec4 v0x564422c25630_0;
    %pad/u 32;
    %cmpi/u 2200, 0, 32;
    %jmp/0xz  T_7.2, 5;
    %load/vec4 v0x564422c25630_0;
    %addi 1, 0, 13;
    %assign/vec4 v0x564422c25630_0, 0;
    %pushi/vec4 0, 0, 1;
    %assign/vec4 v0x564422c268c0_0, 0;
T_7.2 ;
    %load/vec4 v0x564422c25630_0;
    %pad/u 32;
    %cmpi/e 2200, 0, 32;
    %jmp/0xz  T_7.4, 4;
    %pushi/vec4 0, 0, 13;
    %assign/vec4 v0x564422c25630_0, 0;
    %load/vec4 v0x564422c278a0_0;
    %addi 1, 0, 10;
    %assign/vec4 v0x564422c278a0_0, 0;
    %pushi/vec4 1, 0, 1;
    %assign/vec4 v0x564422c268c0_0, 0;
    %ix/load 4, 429, 0;
    %flag_set/imm 4, 0;
    %load/vec4a v0x564422c27720, 4;
    %assign/vec4 v0x564422c267e0_0, 0;
    %fork t_5, S_0x564422c23de0;
    %jmp t_4;
    .scope S_0x564422c23de0;
t_5 ;
    %pushi/vec4 1, 0, 32;
    %store/vec4 v0x564422bfb010_0, 0, 32;
T_7.6 ;
    %load/vec4 v0x564422bfb010_0;
    %cmpi/s 430, 0, 32;
    %jmp/0xz T_7.7, 5;
    %load/vec4 v0x564422bfb010_0;
    %pad/s 33;
    %subi 1, 0, 33;
    %ix/vec4/s 4;
    %load/vec4a v0x564422c27720, 4;
    %ix/getv/s 3, v0x564422bfb010_0;
    %ix/load 4, 0, 0; Constant delay
    %assign/vec4/a/d v0x564422c27720, 0, 4;
    %load/vec4 v0x564422bfb010_0;
    %addi 1, 0, 32;
    %cast2;
    %store/vec4 v0x564422bfb010_0, 0, 32;
    %jmp T_7.6;
T_7.7 ;
    %end;
    .scope S_0x564422c06870;
t_4 %join;
T_7.4 ;
    %jmp T_7.1;
T_7.0 ;
    %load/vec4 v0x564422c260d0_0;
    %pad/u 32;
    %cmpi/u 0, 0, 32;
    %flag_or 5, 4; GT is !LE
    %flag_inv 5;
    %jmp/0xz  T_7.8, 5;
    %fork t_7, S_0x564422c24000;
    %jmp t_6;
    .scope S_0x564422c24000;
t_7 ;
    %pushi/vec4 0, 0, 32;
    %store/vec4 v0x564422bfc600_0, 0, 32;
T_7.10 ;
    %load/vec4 v0x564422bfc600_0;
    %cmpi/s 160, 0, 32;
    %jmp/0xz T_7.11, 5;
    %pushi/vec4 128, 0, 8;
    %load/vec4 v0x564422bfc600_0;
    %pad/s 34;
    %pushi/vec4 4294967236, 0, 32;
    %concati/vec4 0, 0, 2;
    %sub;
    %ix/vec4/s 4;
    %load/vec4a v0x564422c25060, 4;
    %parti/s 8, 24, 6;
    %xor;
    %ix/getv/s 3, v0x564422bfc600_0;
    %ix/load 4, 0, 0; Constant delay
    %assign/vec4/a/d v0x564422c27720, 0, 4;
    %load/vec4 v0x564422bfc600_0;
    %addi 1, 0, 32;
    %cast2;
    %store/vec4 v0x564422bfc600_0, 0, 32;
    %jmp T_7.10;
T_7.11 ;
    %end;
    .scope S_0x564422c06870;
t_6 %join;
    %fork t_9, S_0x564422c24240;
    %jmp t_8;
    .scope S_0x564422c24240;
t_9 ;
    %pushi/vec4 0, 0, 32;
    %store/vec4 v0x564422bfd7a0_0, 0, 32;
T_7.12 ;
    %load/vec4 v0x564422bfd7a0_0;
    %cmpi/s 160, 0, 32;
    %jmp/0xz T_7.13, 5;
    %ix/getv/s 4, v0x564422bfd7a0_0;
    %load/vec4a v0x564422c26a60, 4;
    %load/vec4 v0x564422bfd7a0_0;
    %pad/s 33;
    %addi 160, 0, 33;
    %ix/vec4/s 3;
    %ix/load 4, 0, 0; Constant delay
    %assign/vec4/a/d v0x564422c27720, 0, 4;
    %load/vec4 v0x564422bfd7a0_0;
    %addi 1, 0, 32;
    %cast2;
    %store/vec4 v0x564422bfd7a0_0, 0, 32;
    %jmp T_7.12;
T_7.13 ;
    %end;
    .scope S_0x564422c06870;
t_8 %join;
    %fork t_11, S_0x564422c244d0;
    %jmp t_10;
    .scope S_0x564422c244d0;
t_11 ;
    %pushi/vec4 320, 0, 32;
    %store/vec4 v0x564422bffbb0_0, 0, 32;
T_7.14 ;
    %load/vec4 v0x564422bffbb0_0;
    %cmpi/s 416, 0, 32;
    %jmp/0xz T_7.15, 5;
    %pushi/vec4 0, 0, 8;
    %ix/getv/s 3, v0x564422bffbb0_0;
    %ix/load 4, 0, 0; Constant delay
    %assign/vec4/a/d v0x564422c27720, 0, 4;
    %load/vec4 v0x564422bffbb0_0;
    %addi 1, 0, 32;
    %cast2;
    %store/vec4 v0x564422bffbb0_0, 0, 32;
    %jmp T_7.14;
T_7.15 ;
    %end;
    .scope S_0x564422c06870;
t_10 %join;
    %ix/load 4, 0, 0;
    %flag_set/imm 4, 0;
    %load/vec4a v0x564422c26640, 4;
    %parti/s 8, 24, 6;
    %ix/load 3, 416, 0;
    %flag_set/imm 4, 0;
    %ix/load 4, 0, 0; Constant delay
    %assign/vec4/a/d v0x564422c27720, 0, 4;
    %ix/load 4, 0, 0;
    %flag_set/imm 4, 0;
    %load/vec4a v0x564422c26640, 4;
    %parti/s 8, 16, 6;
    %ix/load 3, 417, 0;
    %flag_set/imm 4, 0;
    %ix/load 4, 0, 0; Constant delay
    %assign/vec4/a/d v0x564422c27720, 0, 4;
    %ix/load 4, 1, 0;
    %flag_set/imm 4, 0;
    %load/vec4a v0x564422c26640, 4;
    %parti/s 8, 24, 6;
    %ix/load 3, 418, 0;
    %flag_set/imm 4, 0;
    %ix/load 4, 0, 0; Constant delay
    %assign/vec4/a/d v0x564422c27720, 0, 4;
    %ix/load 4, 1, 0;
    %flag_set/imm 4, 0;
    %load/vec4a v0x564422c26640, 4;
    %parti/s 8, 16, 6;
    %ix/load 3, 419, 0;
    %flag_set/imm 4, 0;
    %ix/load 4, 0, 0; Constant delay
    %assign/vec4/a/d v0x564422c27720, 0, 4;
    %ix/load 4, 2, 0;
    %flag_set/imm 4, 0;
    %load/vec4a v0x564422c26640, 4;
    %parti/s 8, 24, 6;
    %ix/load 3, 420, 0;
    %flag_set/imm 4, 0;
    %ix/load 4, 0, 0; Constant delay
    %assign/vec4/a/d v0x564422c27720, 0, 4;
    %ix/load 4, 2, 0;
    %flag_set/imm 4, 0;
    %load/vec4a v0x564422c26640, 4;
    %parti/s 8, 16, 6;
    %ix/load 3, 421, 0;
    %flag_set/imm 4, 0;
    %ix/load 4, 0, 0; Constant delay
    %assign/vec4/a/d v0x564422c27720, 0, 4;
    %ix/load 4, 3, 0;
    %flag_set/imm 4, 0;
    %load/vec4a v0x564422c26640, 4;
    %parti/s 8, 24, 6;
    %ix/load 3, 422, 0;
    %flag_set/imm 4, 0;
    %ix/load 4, 0, 0; Constant delay
    %assign/vec4/a/d v0x564422c27720, 0, 4;
    %ix/load 4, 3, 0;
    %flag_set/imm 4, 0;
    %load/vec4a v0x564422c26640, 4;
    %parti/s 8, 16, 6;
    %ix/load 3, 423, 0;
    %flag_set/imm 4, 0;
    %ix/load 4, 0, 0; Constant delay
    %assign/vec4/a/d v0x564422c27720, 0, 4;
    %ix/load 4, 4, 0;
    %flag_set/imm 4, 0;
    %load/vec4a v0x564422c26640, 4;
    %parti/s 8, 24, 6;
    %ix/load 3, 424, 0;
    %flag_set/imm 4, 0;
    %ix/load 4, 0, 0; Constant delay
    %assign/vec4/a/d v0x564422c27720, 0, 4;
    %ix/load 4, 4, 0;
    %flag_set/imm 4, 0;
    %load/vec4a v0x564422c26640, 4;
    %parti/s 8, 16, 6;
    %ix/load 3, 425, 0;
    %flag_set/imm 4, 0;
    %ix/load 4, 0, 0; Constant delay
    %assign/vec4/a/d v0x564422c27720, 0, 4;
    %pushi/vec4 255, 0, 8;
    %ix/load 3, 426, 0;
    %flag_set/imm 4, 0;
    %ix/load 4, 0, 0; Constant delay
    %assign/vec4/a/d v0x564422c27720, 0, 4;
    %pushi/vec4 255, 0, 8;
    %ix/load 3, 427, 0;
    %flag_set/imm 4, 0;
    %ix/load 4, 0, 0; Constant delay
    %assign/vec4/a/d v0x564422c27720, 0, 4;
    %pushi/vec4 255, 0, 8;
    %ix/load 3, 428, 0;
    %flag_set/imm 4, 0;
    %ix/load 4, 0, 0; Constant delay
    %assign/vec4/a/d v0x564422c27720, 0, 4;
    %pushi/vec4 255, 0, 8;
    %ix/load 3, 429, 0;
    %flag_set/imm 4, 0;
    %ix/load 4, 0, 0; Constant delay
    %assign/vec4/a/d v0x564422c27720, 0, 4;
    %pushi/vec4 0, 0, 10;
    %assign/vec4 v0x564422c278a0_0, 0;
    %jmp T_7.9;
T_7.8 ;
    %pushi/vec4 0, 0, 1;
    %assign/vec4 v0x564422c268c0_0, 0;
T_7.9 ;
T_7.1 ;
    %jmp T_7;
    .thread T_7;
    .scope S_0x564422c06870;
T_8 ;
    %wait E_0x564422bd7760;
    %load/vec4 v0x564422c27580_0;
    %flag_set/vec4 8;
    %jmp/0xz  T_8.0, 8;
    %pushi/vec4 0, 0, 1;
    %assign/vec4 v0x564422c25200_0, 0;
    %jmp T_8.1;
T_8.0 ;
    %load/vec4 v0x564422c268c0_0;
    %flag_set/vec4 8;
    %jmp/0xz  T_8.2, 8;
    %pushi/vec4 1, 0, 1;
    %assign/vec4 v0x564422c25200_0, 0;
    %jmp T_8.3;
T_8.2 ;
    %load/vec4 v0x564422c27a60_0;
    %pad/u 32;
    %cmpi/e 0, 0, 32;
    %jmp/0xz  T_8.4, 4;
    %pushi/vec4 0, 0, 1;
    %assign/vec4 v0x564422c25200_0, 0;
T_8.4 ;
T_8.3 ;
T_8.1 ;
    %jmp T_8;
    .thread T_8;
    .scope S_0x564422c06870;
T_9 ;
    %wait E_0x564422bd7760;
    %load/vec4 v0x564422c27580_0;
    %flag_set/vec4 8;
    %jmp/0xz  T_9.0, 8;
    %pushi/vec4 0, 0, 8;
    %assign/vec4 v0x564422c27980_0, 0;
    %jmp T_9.1;
T_9.0 ;
    %load/vec4 v0x564422c274a0_0;
    %parti/s 1, 0, 2;
    %pad/u 32;
    %cmpi/e 0, 0, 32;
    %jmp/0xz  T_9.2, 4;
    %pushi/vec4 0, 0, 1;
    %assign/vec4 v0x564422c27a60_0, 0;
    %jmp T_9.3;
T_9.2 ;
    %load/vec4 v0x564422c25200_0;
    %pad/u 32;
    %pushi/vec4 1, 0, 32;
    %cmp/e;
    %flag_get/vec4 4;
    %load/vec4 v0x564422c27a60_0;
    %pad/u 32;
    %pushi/vec4 0, 0, 32;
    %cmp/e;
    %flag_get/vec4 4;
    %and;
    %flag_set/vec4 8;
    %jmp/0xz  T_9.4, 8;
    %load/vec4 v0x564422c267e0_0;
    %assign/vec4 v0x564422c27980_0, 0;
    %pushi/vec4 1, 0, 1;
    %assign/vec4 v0x564422c27a60_0, 0;
    %jmp T_9.5;
T_9.4 ;
    %load/vec4 v0x564422c277e0_0;
    %pad/u 32;
    %cmpi/e 0, 0, 32;
    %jmp/0xz  T_9.6, 4;
    %pushi/vec4 0, 0, 1;
    %assign/vec4 v0x564422c27a60_0, 0;
T_9.6 ;
T_9.5 ;
T_9.3 ;
T_9.1 ;
    %jmp T_9;
    .thread T_9;
# The file index is used to find the file name in the following table.
:file_names 4;
    "N/A";
    "<interactive>";
    "-";
    "top_level.sv";
